<?xml version="1.0" encoding="UTF-8"?>
<testsuite xmlns:xsi="http://www.w3.org/2001/XMLSchema-instance" xsi:noNamespaceSchemaLocation="https://maven.apache.org/surefire/maven-surefire-plugin/xsd/surefire-test-report-3.0.xsd" version="3.0" name="MySqlTest6" time="3.495" tests="4" errors="0" skipped="0" failures="0">
  <properties>
[...]
</properties>
  <testcase name="test1" classname="MySqlTest6" time="0.138">
    <system-out><![CDATA[#########################################
#                TEST1          #

Hibernate: select e1_0.Id,e1_0.Poruka,e1_0.Vrsta_emocije from emocije e1_0 where e1_0.Id=?
]]></system-out>
    <system-err><![CDATA[мар 06, 2023 3:16:48 PM org.hibernate.Version logVersion
INFO: HHH000412: Hibernate ORM core version 6.1.5.Final
мар 06, 2023 3:16:49 PM org.hibernate.engine.jdbc.connections.internal.DriverManagerConnectionProviderImpl configure
WARN: HHH10001002: Using built-in connection pool (not intended for production use)
мар 06, 2023 3:16:49 PM org.hibernate.engine.jdbc.connections.internal.DriverManagerConnectionProviderImpl buildCreator
INFO: HHH10001005: Loaded JDBC driver class: com.mysql.cj.jdbc.Driver
мар 06, 2023 3:16:49 PM org.hibernate.engine.jdbc.connections.internal.DriverManagerConnectionProviderImpl buildCreator
INFO: HHH10001012: Connecting with JDBC URL [jdbc:mysql://localhost:3306/db_emocije_ls]
мар 06, 2023 3:16:49 PM org.hibernate.engine.jdbc.connections.internal.DriverManagerConnectionProviderImpl buildCreator
INFO: HHH10001001: Connection properties: {password=****, user=root}
мар 06, 2023 3:16:49 PM org.hibernate.engine.jdbc.connections.internal.DriverManagerConnectionProviderImpl buildCreator
INFO: HHH10001003: Autocommit mode: false
мар 06, 2023 3:16:49 PM org.hibernate.engine.jdbc.connections.internal.DriverManagerConnectionProviderImpl$PooledConnections <init>
INFO: HHH10001115: Connection pool size: 20 (min=1)
мар 06, 2023 3:16:49 PM org.hibernate.engine.jdbc.dialect.internal.DialectFactoryImpl logSelectedDialect
INFO: HHH000400: Using dialect: org.hibernate.dialect.MySQLDialect
мар 06, 2023 3:16:50 PM org.hibernate.engine.transaction.jta.platform.internal.JtaPlatformInitiator initiateService
INFO: HHH000490: Using JtaPlatform implementation: [org.hibernate.engine.transaction.jta.platform.internal.NoJtaPlatform]
мар 06, 2023 3:16:50 PM org.flywaydb.core.internal.logging.apachecommons.ApacheCommonsLog info
INFO: Flyway Community Edition 9.8.1 by Redgate
мар 06, 2023 3:16:50 PM org.flywaydb.core.internal.logging.apachecommons.ApacheCommonsLog info
INFO: See what's new here: https://flywaydb.org/documentation/learnmore/releaseNotes#9.8.1
мар 06, 2023 3:16:50 PM org.flywaydb.core.internal.logging.apachecommons.ApacheCommonsLog info
INFO: 
мар 06, 2023 3:16:50 PM org.flywaydb.core.internal.logging.apachecommons.ApacheCommonsLog info
INFO: Database: jdbc:mysql://localhost:3306/db_emocije_ls (MySQL 5.5)
мар 06, 2023 3:16:50 PM org.flywaydb.core.internal.logging.apachecommons.ApacheCommonsLog info
INFO: Successfully dropped pre-schema database level objects (execution time 00:00.001s)
мар 06, 2023 3:16:50 PM org.flywaydb.core.internal.logging.apachecommons.ApacheCommonsLog info
INFO: Successfully cleaned schema `db_emocije_ls` (execution time 00:00.080s)
мар 06, 2023 3:16:50 PM org.flywaydb.core.internal.logging.apachecommons.ApacheCommonsLog info
INFO: Successfully cleaned schema `db_emocije_ls` (execution time 00:00.028s)
мар 06, 2023 3:16:50 PM org.flywaydb.core.internal.logging.apachecommons.ApacheCommonsLog info
INFO: Successfully dropped post-schema database level objects (execution time 00:00.000s)
мар 06, 2023 3:16:50 PM org.flywaydb.core.internal.logging.apachecommons.ApacheCommonsLog info
INFO: Creating Schema History table `db_emocije_ls`.`flyway_schema_history` with baseline ...
мар 06, 2023 3:16:50 PM org.flywaydb.core.internal.logging.apachecommons.ApacheCommonsLog info
INFO: Successfully baselined schema with version: 1
мар 06, 2023 3:16:51 PM org.flywaydb.core.internal.logging.apachecommons.ApacheCommonsLog info
INFO: Successfully validated 3 migrations (execution time 00:00.018s)
мар 06, 2023 3:16:51 PM org.flywaydb.core.internal.logging.apachecommons.ApacheCommonsLog info
INFO: Current version of schema `db_emocije_ls`: 1
мар 06, 2023 3:16:51 PM org.flywaydb.core.internal.logging.apachecommons.ApacheCommonsLog info
INFO: Migrating schema `db_emocije_ls` to version "01.001 - emocije drop dump"
мар 06, 2023 3:16:51 PM org.flywaydb.core.internal.logging.apachecommons.ApacheCommonsLog info
INFO: Migrating schema `db_emocije_ls` to version "01.002 - emocije data dump"
мар 06, 2023 3:16:51 PM org.flywaydb.core.internal.logging.apachecommons.ApacheCommonsLog info
INFO: Successfully applied 2 migrations to schema `db_emocije_ls`, now at version v01.002 (execution time 00:00.173s)
]]></system-err>
  </testcase>
  <testcase name="test2" classname="MySqlTest6" time="0.255">
    <system-out><![CDATA[#########################################
#                TEST2          #

Hibernate: insert into emocije (Poruka, Vrsta_emocije) values (?, ?)
Hibernate: select e1_0.Id,e1_0.Poruka,e1_0.Vrsta_emocije from emocije e1_0
###############################Id=1#################################
    Vrsta_emocije=Radost
    Poruka=Prije nego što krenete tražiti sreću, provjerite - možda ste već sretni.
Sreća je mala, obična i neupadljiva, i mnogi ju ne znaju vidjeti.

Duško Radović
###############################Id=2#################################
    Vrsta_emocije=Ljutnja
    Poruka=Ljutnja je – stanje duše. U suštini, mi sami donosimo odluku da li ćemo biti ljuti. I kad, sledeći put rešite da se naljutite, razmislite: da li je to zaista tako lepo sebe sažaljevati? Predator uvek oseća slabijeg, i napada baš njega. Ne kaže se džaba u narodu: „Pusti je kraju“! Pustite ljutnju, nek ide svojim putem!
###############################Id=3#################################
    Vrsta_emocije=Tuga
    Poruka=Tuga se naginje jače ako primijeti da mu podlegnu. 

William Shakespeare
###############################Id=4#################################
    Vrsta_emocije=Strah
    Poruka=Moj strah je taj koji mi daje hrabrost. 

Bob Marli
###############################Id=5#################################
    Vrsta_emocije=Ljubav
    Poruka=Samo se srcem može zaista gledati. Ono što je suštinski važno, nevidljivo je oku. – 

Antoan de Sent Egziperi
###############################Id=6#################################
    Vrsta_emocije=Nada
    Poruka=Cvet nade cveta i u najdubljoj tamnici.
Kineske poslovice
###############################Id=7#################################
    Vrsta_emocije=Zavist
    Poruka=Ako u srcu imate gorku zavist i svadljivost, ne uznosite se i ne lažite protiv istine! Nije to mudrost koja odozgor silazi, nego zemaljska, ljudska, đavolska. Ta gdje je zavist i svadljivost, ondje je nered i svako zlo djelo.  – Jakov 3,14-15
8;Ljubomora;U ljubomori ima više ljubavi prema sebi nego ljubavi.
Francois de La Rochefoucauld
###############################Id=9#################################
    Vrsta_emocije=Ponos
    Poruka= "Isti ponos koji čini da se čovjek ponaša bahato prema podređenima, čini da se ponaša pokorno onima iznad njega. Takva je sama priroda ovog poroka, koji nije baziran na osobnoj zasluzi ni na vrlini, nego na bogatstvu, funkciji, utjecaju, beskorisnom znanju, da tjera čovjeka da bude ohol prema onima ispod njega kao i da precjenjuje one koji su iznad njega.
###############################Id=10#################################
    Vrsta_emocije=Smirenost
    Poruka="Pomiri se sam sa sobom i s' tobom ce se pomiriti nebo i zemlja.
-Sveti Isak Sirin"
###############################Id=11#################################
    Vrsta_emocije=Radost
    Poruka=Bogatim te čini, ne bogatstvo, nego radost.
]]></system-out>
  </testcase>
  <testcase name="test3" classname="MySqlTest6" time="0.03">
    <system-out><![CDATA[#########################################
#                TEST3          #

Hibernate: select e1_0.Id,e1_0.Poruka,e1_0.Vrsta_emocije from emocije e1_0 where e1_0.Id=?
Hibernate: select e1_0.Id,e1_0.Poruka,e1_0.Vrsta_emocije from emocije e1_0
###############################Id=1#################################
    Vrsta_emocije=Radost
    Poruka=Prije nego što krenete tražiti sreću, provjerite - možda ste već sretni.
Sreća je mala, obična i neupadljiva, i mnogi ju ne znaju vidjeti.

Duško Radović
###############################Id=2#################################
    Vrsta_emocije=Ljutnja
    Poruka=Ljutnja je – stanje duše. U suštini, mi sami donosimo odluku da li ćemo biti ljuti. I kad, sledeći put rešite da se naljutite, razmislite: da li je to zaista tako lepo sebe sažaljevati? Predator uvek oseća slabijeg, i napada baš njega. Ne kaže se džaba u narodu: „Pusti je kraju“! Pustite ljutnju, nek ide svojim putem!
###############################Id=3#################################
    Vrsta_emocije=Tuga
    Poruka=Tuga se naginje jače ako primijeti da mu podlegnu. 

William Shakespeare
###############################Id=4#################################
    Vrsta_emocije=Strah
    Poruka=Moj strah je taj koji mi daje hrabrost. 

Bob Marli
###############################Id=5#################################
    Vrsta_emocije=Ljubav
    Poruka=Samo se srcem može zaista gledati. Ono što je suštinski važno, nevidljivo je oku. – 

Antoan de Sent Egziperi
###############################Id=6#################################
    Vrsta_emocije=Nada
    Poruka=Cvet nade cveta i u najdubljoj tamnici.
Kineske poslovice
###############################Id=7#################################
    Vrsta_emocije=Zavist
    Poruka=Ako u srcu imate gorku zavist i svadljivost, ne uznosite se i ne lažite protiv istine! Nije to mudrost koja odozgor silazi, nego zemaljska, ljudska, đavolska. Ta gdje je zavist i svadljivost, ondje je nered i svako zlo djelo.  – Jakov 3,14-15
8;Ljubomora;U ljubomori ima više ljubavi prema sebi nego ljubavi.
Francois de La Rochefoucauld
###############################Id=9#################################
    Vrsta_emocije=Ponos
    Poruka= "Isti ponos koji čini da se čovjek ponaša bahato prema podređenima, čini da se ponaša pokorno onima iznad njega. Takva je sama priroda ovog poroka, koji nije baziran na osobnoj zasluzi ni na vrlini, nego na bogatstvu, funkciji, utjecaju, beskorisnom znanju, da tjera čovjeka da bude ohol prema onima ispod njega kao i da precjenjuje one koji su iznad njega.
###############################Id=10#################################
    Vrsta_emocije=Smirenost
    Poruka="Pomiri se sam sa sobom i s' tobom ce se pomiriti nebo i zemlja.
-Sveti Isak Sirin"
###############################Id=11#################################
    Vrsta_emocije=Radost
    Poruka=Bogatim te čini, ne bogatstvo, nego radost.
]]></system-out>
  </testcase>
  <testcase name="test4" classname="MySqlTest6" time="0.037">
    <system-out><![CDATA[#########################################
#                TEST4          #

Hibernate: delete from emocije where Id=?
Hibernate: select e1_0.Id,e1_0.Poruka,e1_0.Vrsta_emocije from emocije e1_0
###############################Id=1#################################
    Vrsta_emocije=Radost
    Poruka=Prije nego što krenete tražiti sreću, provjerite - možda ste već sretni.
Sreća je mala, obična i neupadljiva, i mnogi ju ne znaju vidjeti.

Duško Radović
###############################Id=2#################################
    Vrsta_emocije=Ljutnja
    Poruka=Ljutnja je – stanje duše. U suštini, mi sami donosimo odluku da li ćemo biti ljuti. I kad, sledeći put rešite da se naljutite, razmislite: da li je to zaista tako lepo sebe sažaljevati? Predator uvek oseća slabijeg, i napada baš njega. Ne kaže se džaba u narodu: „Pusti je kraju“! Pustite ljutnju, nek ide svojim putem!
###############################Id=3#################################
    Vrsta_emocije=Tuga
    Poruka=Tuga se naginje jače ako primijeti da mu podlegnu. 

William Shakespeare
###############################Id=5#################################
    Vrsta_emocije=Ljubav
    Poruka=Samo se srcem može zaista gledati. Ono što je suštinski važno, nevidljivo je oku. – 

Antoan de Sent Egziperi
###############################Id=6#################################
    Vrsta_emocije=Nada
    Poruka=Cvet nade cveta i u najdubljoj tamnici.
Kineske poslovice
###############################Id=7#################################
    Vrsta_emocije=Zavist
    Poruka=Ako u srcu imate gorku zavist i svadljivost, ne uznosite se i ne lažite protiv istine! Nije to mudrost koja odozgor silazi, nego zemaljska, ljudska, đavolska. Ta gdje je zavist i svadljivost, ondje je nered i svako zlo djelo.  – Jakov 3,14-15
8;Ljubomora;U ljubomori ima više ljubavi prema sebi nego ljubavi.
Francois de La Rochefoucauld
###############################Id=9#################################
    Vrsta_emocije=Ponos
    Poruka= "Isti ponos koji čini da se čovjek ponaša bahato prema podređenima, čini da se ponaša pokorno onima iznad njega. Takva je sama priroda ovog poroka, koji nije baziran na osobnoj zasluzi ni na vrlini, nego na bogatstvu, funkciji, utjecaju, beskorisnom znanju, da tjera čovjeka da bude ohol prema onima ispod njega kao i da precjenjuje one koji su iznad njega.
###############################Id=10#################################
    Vrsta_emocije=Smirenost
    Poruka="Pomiri se sam sa sobom i s' tobom ce se pomiriti nebo i zemlja.
-Sveti Isak Sirin"
###############################Id=11#################################
    Vrsta_emocije=Radost
    Poruka=Bogatim te čini, ne bogatstvo, nego radost.
]]></system-out>
  </testcase>
</testsuite>