<?xml version="1.0" encoding="UTF-8"?>
<testsuite xmlns:xsi="http://www.w3.org/2001/XMLSchema-instance" xsi:noNamespaceSchemaLocation="https://maven.apache.org/surefire/maven-surefire-plugin/xsd/surefire-test-report-3.0.xsd" version="3.0" name="MySqlTest4" time="1.42" tests="1" errors="0" skipped="0" failures="0">
  <properties>
[...]
</properties>
  <testcase name="test" classname="MySqlTest4" time="0.026">
    <system-err><![CDATA[феб 20, 2023 11:58:18 AM org.flywaydb.core.internal.logging.apachecommons.ApacheCommonsLog info
INFO: Flyway Community Edition 9.8.1 by Redgate
феб 20, 2023 11:58:18 AM org.flywaydb.core.internal.logging.apachecommons.ApacheCommonsLog info
INFO: See what's new here: https://flywaydb.org/documentation/learnmore/releaseNotes#9.8.1
феб 20, 2023 11:58:18 AM org.flywaydb.core.internal.logging.apachecommons.ApacheCommonsLog info
INFO: 
феб 20, 2023 11:58:18 AM org.flywaydb.core.internal.logging.apachecommons.ApacheCommonsLog info
INFO: Database: jdbc:mysql://localhost:3306/db_emocije_ls (MySQL 5.5)
феб 20, 2023 11:58:18 AM org.flywaydb.core.internal.logging.apachecommons.ApacheCommonsLog info
INFO: Successfully dropped pre-schema database level objects (execution time 00:00.001s)
феб 20, 2023 11:58:18 AM org.flywaydb.core.internal.logging.apachecommons.ApacheCommonsLog info
INFO: Successfully cleaned schema `db_emocije_ls` (execution time 00:00.052s)
феб 20, 2023 11:58:18 AM org.flywaydb.core.internal.logging.apachecommons.ApacheCommonsLog info
INFO: Successfully cleaned schema `db_emocije_ls` (execution time 00:00.044s)
феб 20, 2023 11:58:18 AM org.flywaydb.core.internal.logging.apachecommons.ApacheCommonsLog info
INFO: Successfully dropped post-schema database level objects (execution time 00:00.001s)
феб 20, 2023 11:58:19 AM org.flywaydb.core.internal.logging.apachecommons.ApacheCommonsLog info
INFO: Creating Schema History table `db_emocije_ls`.`flyway_schema_history` with baseline ...
феб 20, 2023 11:58:19 AM org.flywaydb.core.internal.logging.apachecommons.ApacheCommonsLog info
INFO: Successfully baselined schema with version: 1
феб 20, 2023 11:58:19 AM org.flywaydb.core.internal.logging.apachecommons.ApacheCommonsLog info
INFO: Successfully validated 3 migrations (execution time 00:00.024s)
феб 20, 2023 11:58:19 AM org.flywaydb.core.internal.logging.apachecommons.ApacheCommonsLog info
INFO: Current version of schema `db_emocije_ls`: 1
феб 20, 2023 11:58:19 AM org.flywaydb.core.internal.logging.apachecommons.ApacheCommonsLog info
INFO: Migrating schema `db_emocije_ls` to version "01.001 - emocije drop dump"
феб 20, 2023 11:58:19 AM org.flywaydb.core.internal.logging.apachecommons.ApacheCommonsLog info
INFO: Migrating schema `db_emocije_ls` to version "01.002 - emocije data dump"
феб 20, 2023 11:58:19 AM org.flywaydb.core.internal.logging.apachecommons.ApacheCommonsLog info
INFO: Successfully applied 2 migrations to schema `db_emocije_ls`, now at version v01.002 (execution time 00:00.157s)
]]></system-err>
  </testcase>
</testsuite>