<?xml version="1.0" encoding="UTF-8"?>
<testsuite xmlns:xsi="http://www.w3.org/2001/XMLSchema-instance" xsi:noNamespaceSchemaLocation="https://maven.apache.org/surefire/maven-surefire-plugin/xsd/surefire-test-report-3.0.xsd" version="3.0" name="MySqlTest5" time="3.181" tests="1" errors="0" skipped="0" failures="0">
  <properties>
[...]
</properties>
  <testcase name="test" classname="MySqlTest5" time="0.056">
    <system-out><![CDATA[Hibernate: delete from emocije where Id=?
]]></system-out>
    <system-err><![CDATA[феб 27, 2023 3:13:09 PM org.hibernate.Version logVersion
INFO: HHH000412: Hibernate ORM core version 6.1.5.Final
феб 27, 2023 3:13:09 PM org.hibernate.engine.jdbc.connections.internal.DriverManagerConnectionProviderImpl configure
WARN: HHH10001002: Using built-in connection pool (not intended for production use)
феб 27, 2023 3:13:10 PM org.hibernate.engine.jdbc.connections.internal.DriverManagerConnectionProviderImpl buildCreator
INFO: HHH10001005: Loaded JDBC driver class: com.mysql.cj.jdbc.Driver
феб 27, 2023 3:13:10 PM org.hibernate.engine.jdbc.connections.internal.DriverManagerConnectionProviderImpl buildCreator
INFO: HHH10001012: Connecting with JDBC URL [jdbc:mysql://localhost:3306/db_emocije]
феб 27, 2023 3:13:10 PM org.hibernate.engine.jdbc.connections.internal.DriverManagerConnectionProviderImpl buildCreator
INFO: HHH10001001: Connection properties: {password=****, user=root}
феб 27, 2023 3:13:10 PM org.hibernate.engine.jdbc.connections.internal.DriverManagerConnectionProviderImpl buildCreator
INFO: HHH10001003: Autocommit mode: false
феб 27, 2023 3:13:10 PM org.hibernate.engine.jdbc.connections.internal.DriverManagerConnectionProviderImpl$PooledConnections <init>
INFO: HHH10001115: Connection pool size: 20 (min=1)
феб 27, 2023 3:13:10 PM org.hibernate.engine.jdbc.dialect.internal.DialectFactoryImpl logSelectedDialect
INFO: HHH000400: Using dialect: org.hibernate.dialect.MySQLDialect
феб 27, 2023 3:13:11 PM org.hibernate.engine.transaction.jta.platform.internal.JtaPlatformInitiator initiateService
INFO: HHH000490: Using JtaPlatform implementation: [org.hibernate.engine.transaction.jta.platform.internal.NoJtaPlatform]
феб 27, 2023 3:13:11 PM org.flywaydb.core.internal.logging.apachecommons.ApacheCommonsLog info
INFO: Flyway Community Edition 9.8.1 by Redgate
феб 27, 2023 3:13:11 PM org.flywaydb.core.internal.logging.apachecommons.ApacheCommonsLog info
INFO: See what's new here: https://flywaydb.org/documentation/learnmore/releaseNotes#9.8.1
феб 27, 2023 3:13:11 PM org.flywaydb.core.internal.logging.apachecommons.ApacheCommonsLog info
INFO: 
феб 27, 2023 3:13:11 PM org.flywaydb.core.internal.logging.apachecommons.ApacheCommonsLog info
INFO: Database: jdbc:mysql://localhost:3306/db_emocije_ls (MySQL 5.5)
феб 27, 2023 3:13:11 PM org.flywaydb.core.internal.logging.apachecommons.ApacheCommonsLog info
INFO: Successfully dropped pre-schema database level objects (execution time 00:00.002s)
феб 27, 2023 3:13:11 PM org.flywaydb.core.internal.logging.apachecommons.ApacheCommonsLog info
INFO: Successfully cleaned schema `db_emocije_ls` (execution time 00:00.081s)
феб 27, 2023 3:13:11 PM org.flywaydb.core.internal.logging.apachecommons.ApacheCommonsLog info
INFO: Successfully cleaned schema `db_emocije_ls` (execution time 00:00.011s)
феб 27, 2023 3:13:11 PM org.flywaydb.core.internal.logging.apachecommons.ApacheCommonsLog info
INFO: Successfully dropped post-schema database level objects (execution time 00:00.000s)
феб 27, 2023 3:13:11 PM org.flywaydb.core.internal.logging.apachecommons.ApacheCommonsLog info
INFO: Creating Schema History table `db_emocije_ls`.`flyway_schema_history` with baseline ...
феб 27, 2023 3:13:11 PM org.flywaydb.core.internal.logging.apachecommons.ApacheCommonsLog info
INFO: Successfully baselined schema with version: 1
феб 27, 2023 3:13:11 PM org.flywaydb.core.internal.logging.apachecommons.ApacheCommonsLog info
INFO: Successfully validated 3 migrations (execution time 00:00.019s)
феб 27, 2023 3:13:11 PM org.flywaydb.core.internal.logging.apachecommons.ApacheCommonsLog info
INFO: Current version of schema `db_emocije_ls`: 1
феб 27, 2023 3:13:11 PM org.flywaydb.core.internal.logging.apachecommons.ApacheCommonsLog info
INFO: Migrating schema `db_emocije_ls` to version "01.001 - emocije drop dump"
феб 27, 2023 3:13:11 PM org.flywaydb.core.internal.logging.apachecommons.ApacheCommonsLog info
INFO: Migrating schema `db_emocije_ls` to version "01.002 - emocije data dump"
феб 27, 2023 3:13:11 PM org.flywaydb.core.internal.logging.apachecommons.ApacheCommonsLog info
INFO: Successfully applied 2 migrations to schema `db_emocije_ls`, now at version v01.002 (execution time 00:00.207s)
феб 27, 2023 3:13:11 PM org.hibernate.engine.jdbc.batch.internal.AbstractBatchImpl release
INFO: HHH000010: On release of batch it still contained JDBC statements
]]></system-err>
  </testcase>
</testsuite>